Determining if the pthread_create exist failed with the following output:
Change Dir: /home/gnu/gr-customModule/build/CMakeFiles/CMakeTmp

Run Build Command:"/usr/bin/make" "cmTC_74685/fast"
/usr/bin/make -f CMakeFiles/cmTC_74685.dir/build.make CMakeFiles/cmTC_74685.dir/build
make[1]: 进入目录“/home/gnu/gr-customModule/build/CMakeFiles/CMakeTmp”
Building C object CMakeFiles/cmTC_74685.dir/CheckSymbolExists.c.o
/usr/bin/cc   -std=gnu11 -o CMakeFiles/cmTC_74685.dir/CheckSymbolExists.c.o   -c /home/gnu/gr-customModule/build/CMakeFiles/CMakeTmp/CheckSymbolExists.c
Linking C executable cmTC_74685
/usr/bin/cmake -E cmake_link_script CMakeFiles/cmTC_74685.dir/link.txt --verbose=1
/usr/bin/cc      CMakeFiles/cmTC_74685.dir/CheckSymbolExists.c.o  -o cmTC_74685 
CMakeFiles/cmTC_74685.dir/CheckSymbolExists.c.o：在函数‘main’中：
CheckSymbolExists.c:(.text+0x1b)：对‘pthread_create’未定义的引用
collect2: error: ld returned 1 exit status
CMakeFiles/cmTC_74685.dir/build.make:97: recipe for target 'cmTC_74685' failed
make[1]: *** [cmTC_74685] Error 1
make[1]: 离开目录“/home/gnu/gr-customModule/build/CMakeFiles/CMakeTmp”
Makefile:126: recipe for target 'cmTC_74685/fast' failed
make: *** [cmTC_74685/fast] Error 2

File /home/gnu/gr-customModule/build/CMakeFiles/CMakeTmp/CheckSymbolExists.c:
/* */
#include <pthread.h>

int main(int argc, char** argv)
{
  (void)argv;
#ifndef pthread_create
  return ((int*)(&pthread_create))[argc];
#else
  (void)argc;
  return 0;
#endif
}

Determining if the function pthread_create exists in the pthreads failed with the following output:
Change Dir: /home/gnu/gr-customModule/build/CMakeFiles/CMakeTmp

Run Build Command:"/usr/bin/make" "cmTC_91858/fast"
/usr/bin/make -f CMakeFiles/cmTC_91858.dir/build.make CMakeFiles/cmTC_91858.dir/build
make[1]: 进入目录“/home/gnu/gr-customModule/build/CMakeFiles/CMakeTmp”
Building C object CMakeFiles/cmTC_91858.dir/CheckFunctionExists.c.o
/usr/bin/cc   -DCHECK_FUNCTION_EXISTS=pthread_create   -std=gnu11 -o CMakeFiles/cmTC_91858.dir/CheckFunctionExists.c.o   -c /usr/share/cmake-3.10/Modules/CheckFunctionExists.c
Linking C executable cmTC_91858
/usr/bin/cmake -E cmake_link_script CMakeFiles/cmTC_91858.dir/link.txt --verbose=1
/usr/bin/cc  -DCHECK_FUNCTION_EXISTS=pthread_create    CMakeFiles/cmTC_91858.dir/CheckFunctionExists.c.o  -o cmTC_91858 -lpthreads 
/usr/bin/ld: 找不到 -lpthreads
collect2: error: ld returned 1 exit status
CMakeFiles/cmTC_91858.dir/build.make:97: recipe for target 'cmTC_91858' failed
make[1]: *** [cmTC_91858] Error 1
make[1]: 离开目录“/home/gnu/gr-customModule/build/CMakeFiles/CMakeTmp”
Makefile:126: recipe for target 'cmTC_91858/fast' failed
make: *** [cmTC_91858/fast] Error 2


